android/app/build/intermediates/manifest_merge_blame_file/debug/manifest-merger-blame-debug-report.txt
1<?xml version="1.0" encoding="utf-8"?>
2<manifest xmlns:android="http://schemas.android.com/apk/res/android"
3    package="com.aturbelanja"
4    android:versionCode="1"
5    android:versionName="1.0" >
6
7    <uses-sdk
8        android:minSdkVersion="16"
9        android:targetSdkVersion="29" />
10
11    <uses-permission android:name="android.permission.SYSTEM_ALERT_WINDOW" />
11-->src/debug/AndroidManifest.xml:5:5-77
11-->src/debug/AndroidManifest.xml:5:22-75
12    <uses-permission android:name="android.permission.INTERNET" />
12-->src/main/AndroidManifest.xml:4:5-67
12-->src/main/AndroidManifest.xml:4:22-64
13    <uses-permission android:name="android.permission.CAMERA" />
13-->src/main/AndroidManifest.xml:5:5-65
13-->src/main/AndroidManifest.xml:5:22-62
14    <uses-permission android:name="android.permission.WRITE_EXTERNAL_STORAGE" />
14-->src/main/AndroidManifest.xml:6:5-80
14-->src/main/AndroidManifest.xml:6:22-78
15    <uses-permission android:name="android.permission.ACCESS_WIFI_STATE" /> <!-- Required by older versions of Google Play services to create IID tokens -->
15-->[com.facebook.flipper:flipper:0.37.0] AndroidManifest.xml:16:5-76
15-->[com.facebook.flipper:flipper:0.37.0] AndroidManifest.xml:16:22-73
16    <uses-permission android:name="com.google.android.c2dm.permission.RECEIVE" />
16-->[com.google.android.gms:play-services-iid:17.0.0] AndroidManifest.xml:23:5-82
16-->[com.google.android.gms:play-services-iid:17.0.0] AndroidManifest.xml:23:22-79
17    <uses-permission android:name="com.google.android.finsky.permission.BIND_GET_INSTALL_REFERRER_SERVICE" />
17-->[com.android.installreferrer:installreferrer:1.1.2] AndroidManifest.xml:9:5-110
17-->[com.android.installreferrer:installreferrer:1.1.2] AndroidManifest.xml:9:22-107
18
19    <application
19-->src/main/AndroidManifest.xml:8:5-33:19
20        android:name="com.aturbelanja.MainApplication"
20-->src/main/AndroidManifest.xml:9:7-38
21        android:allowBackup="true"
21-->[:react-native-splash-screen] AndroidManifest.xml:12:9-35
22        android:appComponentFactory="androidx.core.app.CoreComponentFactory"
22-->[androidx.core:core:1.1.0] AndroidManifest.xml:24:18-86
23        android:debuggable="true"
24        android:icon="@mipmap/ic_launcher"
24-->src/main/AndroidManifest.xml:11:7-41
25        android:label="@string/app_name"
25-->src/main/AndroidManifest.xml:10:7-39
26        android:roundIcon="@mipmap/ic_launcher_round"
26-->src/main/AndroidManifest.xml:12:7-52
27        android:supportsRtl="true"
27-->[:react-native-splash-screen] AndroidManifest.xml:14:9-35
28        android:theme="@style/AppTheme"
28-->src/main/AndroidManifest.xml:13:7-38
29        android:usesCleartextTraffic="true" >
29-->src/debug/AndroidManifest.xml:7:18-53
30        <activity
30-->src/main/AndroidManifest.xml:14:9-23:20
31            android:name="com.aturbelanja.SplashActivity"
31-->src/main/AndroidManifest.xml:15:13-43
32            android:label="@string/app_name"
32-->src/main/AndroidManifest.xml:17:13-45
33            android:theme="@style/SplashTheme" >
33-->src/main/AndroidManifest.xml:16:13-47
34            <intent-filter>
34-->src/main/AndroidManifest.xml:19:13-22:29
35                <action android:name="android.intent.action.MAIN" />
35-->src/main/AndroidManifest.xml:20:17-69
35-->src/main/AndroidManifest.xml:20:25-66
36
37                <category android:name="android.intent.category.LAUNCHER" />
37-->src/main/AndroidManifest.xml:21:17-77
37-->src/main/AndroidManifest.xml:21:27-74
38            </intent-filter>
39        </activity>
40        <activity
40-->src/main/AndroidManifest.xml:24:7-31:18
41            android:name="com.aturbelanja.MainActivity"
41-->src/main/AndroidManifest.xml:25:9-37
42            android:configChanges="keyboard|keyboardHidden|orientation|screenSize|uiMode"
42-->src/main/AndroidManifest.xml:27:9-86
43            android:exported="true"
43-->src/main/AndroidManifest.xml:30:11-34
44            android:label="@string/app_name"
44-->src/main/AndroidManifest.xml:26:9-41
45            android:launchMode="singleTask"
45-->src/main/AndroidManifest.xml:28:9-40
46            android:windowSoftInputMode="adjustResize" >
46-->src/main/AndroidManifest.xml:29:9-51
47        </activity>
48        <activity android:name="com.facebook.react.devsupport.DevSettingsActivity" />
48-->src/main/AndroidManifest.xml:32:7-84
48-->src/main/AndroidManifest.xml:32:17-81
49
50        <provider
50-->[:react-native-image-picker] AndroidManifest.xml:10:9-18:20
51            android:name="com.imagepicker.FileProvider"
51-->[:react-native-image-picker] AndroidManifest.xml:11:13-56
52            android:authorities="com.aturbelanja.provider"
52-->[:react-native-image-picker] AndroidManifest.xml:12:13-60
53            android:exported="false"
53-->[:react-native-image-picker] AndroidManifest.xml:13:13-37
54            android:grantUriPermissions="true" >
54-->[:react-native-image-picker] AndroidManifest.xml:14:13-47
55            <meta-data
55-->[:react-native-image-picker] AndroidManifest.xml:15:13-17:58
56                android:name="android.support.FILE_PROVIDER_PATHS"
56-->[:react-native-image-picker] AndroidManifest.xml:16:17-67
57                android:resource="@xml/provider_paths" />
57-->[:react-native-image-picker] AndroidManifest.xml:17:17-55
58        </provider>
59
60        <receiver
60-->[:react-native-device-info] AndroidManifest.xml:13:9-21:20
61            android:name="com.learnium.RNDeviceInfo.RNDeviceReceiver"
61-->[:react-native-device-info] AndroidManifest.xml:14:13-70
62            android:enabled="true"
62-->[:react-native-device-info] AndroidManifest.xml:15:13-35
63            android:exported="true" >
63-->[:react-native-device-info] AndroidManifest.xml:16:13-36
64            <intent-filter>
64-->[:react-native-device-info] AndroidManifest.xml:18:13-20:29
65                <action android:name="com.android.vending.INSTALL_REFERRER" />
65-->[:react-native-device-info] AndroidManifest.xml:19:17-79
65-->[:react-native-device-info] AndroidManifest.xml:19:25-76
66            </intent-filter>
67        </receiver>
68
69        <activity
69-->[com.google.android.gms:play-services-base:17.0.0] AndroidManifest.xml:23:9-26:75
70            android:name="com.google.android.gms.common.api.GoogleApiActivity"
70-->[com.google.android.gms:play-services-base:17.0.0] AndroidManifest.xml:24:13-79
71            android:exported="false"
71-->[com.google.android.gms:play-services-base:17.0.0] AndroidManifest.xml:25:13-37
72            android:theme="@android:style/Theme.Translucent.NoTitleBar" />
72-->[com.google.android.gms:play-services-base:17.0.0] AndroidManifest.xml:26:13-72
73
74        <meta-data
74-->[com.google.android.gms:play-services-basement:17.0.0] AndroidManifest.xml:23:9-25:69
75            android:name="com.google.android.gms.version"
75-->[com.google.android.gms:play-services-basement:17.0.0] AndroidManifest.xml:24:13-58
76            android:value="@integer/google_play_services_version" />
76-->[com.google.android.gms:play-services-basement:17.0.0] AndroidManifest.xml:25:13-66
77    </application>
78
79</manifest>